Arguments: 
  /home/kittiza/.nvm/versions/node/v16.9.0/bin/node /mnt/c/Users/kitti/AppData/Roaming/npm/node_modules/yarn/bin/yarn.js publish

PATH: 
  /home/kittiza/bin:/home/kittiza/.nvm/versions/node/v16.9.0/bin:/home/kittiza/.local/bin:/usr/local/sbin:/usr/local/bin:/usr/sbin:/usr/bin:/sbin:/bin:/usr/games:/usr/local/games:/mnt/c/Program Files (x86)/VMware/VMware Workstation/bin/:/mnt/c/Program Files (x86)/Razer Chroma SDK/bin:/mnt/c/Program Files/Razer Chroma SDK/bin:/mnt/c/Program Files (x86)/Parallels/Parallels Tools/Applications:/mnt/c/Program Files (x86)/Razer/ChromaBroadcast/bin:/mnt/c/Program Files/Razer/ChromaBroadcast/bin:/mnt/c/Program Files/Common Files/Oracle/Java/javapath:/mnt/c/Windows/system32:/mnt/c/Windows:/mnt/c/Windows/System32/Wbem:/mnt/c/Windows/System32/WindowsPowerShell/v1.0/:/mnt/c/Windows/System32/OpenSSH/:/mnt/c/Program Files (x86)/Intel/Intel(R) Management Engine Components/DAL:/mnt/c/Program Files/Intel/Intel(R) Management Engine Components/DAL:/mnt/c/Program Files/nodejs/:/mnt/c/ProgramData/chocolatey/bin:/mnt/c/Program Files/Git/cmd:/mnt/c/TDM-GCC-64/bin:/mnt/c/Windows/system32/config/systemprofile/AppData/Local/Microsoft/WindowsApps:/mnt/c/Program Files/Microsoft SQL Server/130/Tools/Binn/:/mnt/c/Program Files/Microsoft SQL Server/Client SDK/ODBC/170/Tools/Binn/:/mnt/c/Program Files/Microsoft VS Code/bin:/mnt/c/Program Files/dotnet/:/mnt/c/Program Files (x86)/Bitvise SSH Client:/mnt/c/Program Files (x86)/dotnet/:/mnt/c/Program Files/PowerShell/7/:/mnt/c/Program Files/PuTTY/:/mnt/c/Program Files/Go/bin:/mnt/c/Program Files/Docker/Docker/resources/bin:/mnt/c/ProgramData/DockerDesktop/version-bin:/mnt/c/Program Files/Common Files/Autodesk Shared/:/mnt/c/Program Files/Microsoft SQL Server/120/Tools/Binn/:/mnt/c/Program Files/PowerShell/7:/mnt/c/Users/kitti/go/bin:/mnt/c/Python27:/mnt/c/Python39:/mnt/c/Python39/Scripts/:/mnt/c/Program Files/JetBrains/DataGrip 2020.2.3/bin:/mnt/c/xampp/php:/mnt/c/Users/kitti/AppData/Roaming/npm:/mnt/c/Users/kitti/AppData/Local/GitHubDesktop/bin:/mnt/c/Program Files/JetBrains/GoLand 2020.2.3/bin:/mnt/c/Program Files/JetBrains/IntelliJ IDEA 2020.3.1/bin:/mnt/c/Program Files (x86)/Minimal ADB and Fastboot:/mnt/c/Program Files/JetBrains/WebStorm 2020.3.3/bin:/mnt/c/Users/kitti/AppData/Local/Yarn/bin:/mnt/c/Users/kitti/.dotnet/tools:/mnt/c/Users/kitti/AppData/Local/Microsoft/WindowsApps/Microsoft.DesktopAppInstaller_8wekyb3d8bbwe:/mnt/c/MinGW/bin:/mnt/c/Program Files/JetBrains/PyCharm 2021.1.2/bin:/mnt/c/Program Files/qemu:/mnt/c/bin/protoc-3.17.3-win64/bin:/usr/local/go/bin:/bin:/home/kittiza/go/bin

Yarn version: 
  1.22.10

Node version: 
  16.9.0

Platform: 
  linux x64

Trace: 
  Error: canceled
      at Interface.<anonymous> (/mnt/c/Users/kitti/AppData/Roaming/npm/node_modules/yarn/lib/cli.js:136216:13)
      at Interface.emit (node:events:394:28)
      at Interface._ttyWrite (node:readline:1081:16)
      at ReadStream.onkeypress (node:readline:288:10)
      at ReadStream.emit (node:events:394:28)
      at emitKeys (node:internal/readline/utils:358:14)
      at emitKeys.next (<anonymous>)
      at ReadStream.onData (node:internal/readline/emitKeypressEvents:61:36)
      at ReadStream.emit (node:events:394:28)
      at addChunk (node:internal/streams/readable:315:12)

npm manifest: 
  {
      "name": "wasm_exec-ts",
      "version": "1.0.0",
      "description": "golang wasm_exec on typescript for node, etc..",
      "main": "./dist/index.js",
      "types": "./dist/main.d.ts",
      "prepublish": "tsc",
      "author": "kittizz",
      "license": "MIT",
      "dependencies": {
          "get-random-values": "^1.2.2",
          "typescript": "^4.4.3"
      },
      "devDependencies": {
          "@types/node": "^16.10.2"
      }
  }

yarn manifest: 
  No manifest

Lockfile: 
  No lockfile
